<?xml version="1.0" encoding="UTF-8"?>
<robot generator="Robot 7.1.1 (Python 3.12.1 on darwin)" generated="2024-11-04T20:59:14.979523" rpa="false" schemaversion="5">
<suite id="s1" name="Tests" source="/Users/anna/Documents/Opiskelu/Ohjelmistotuotanto/webcounter/src/tests">
<suite id="s1-s1" name="Increment" source="/Users/anna/Documents/Opiskelu/Ohjelmistotuotanto/webcounter/src/tests/increment.robot">
<kw name="Open And Configure Browser" owner="resource" type="SETUP">
<if>
<branch type="IF" condition="$BROWSER == 'chrome'">
<kw name="Evaluate" owner="BuiltIn">
<msg time="2024-11-04T20:59:15.079280" level="INFO">${options} = &lt;selenium.webdriver.chrome.options.Options object at 0x106dde9f0&gt;</msg>
<var>${options}</var>
<arg>sys.modules['selenium.webdriver'].ChromeOptions()</arg>
<arg>sys</arg>
<doc>Evaluates the given expression in Python and returns the result.</doc>
<status status="PASS" start="2024-11-04T20:59:15.079142" elapsed="0.000158"/>
</kw>
<status status="PASS" start="2024-11-04T20:59:15.078818" elapsed="0.000521"/>
</branch>
<branch type="ELSE IF" condition="$BROWSER == 'firefox'">
<kw name="Evaluate" owner="BuiltIn">
<var>${options}</var>
<arg>sys.modules['selenium.webdriver'].FirefoxOptions()</arg>
<arg>sys</arg>
<doc>Evaluates the given expression in Python and returns the result.</doc>
<status status="NOT RUN" start="2024-11-04T20:59:15.079412" elapsed="0.000011"/>
</kw>
<status status="NOT RUN" start="2024-11-04T20:59:15.079363" elapsed="0.000081"/>
</branch>
<status status="PASS" start="2024-11-04T20:59:15.078805" elapsed="0.000654"/>
</if>
<if>
<branch type="IF" condition="$BROWSER == 'true'">
<kw name="Set Selenium Speed" owner="SeleniumLibrary">
<arg>0</arg>
<doc>Sets the delay that is waited after each Selenium command.</doc>
<status status="NOT RUN" start="2024-11-04T20:59:15.079565" elapsed="0.000010"/>
</kw>
<kw name="Call Method" owner="BuiltIn">
<arg>${options}</arg>
<arg>add_argument</arg>
<arg>--headless</arg>
<doc>Calls the named method of the given object with the provided arguments.</doc>
<status status="NOT RUN" start="2024-11-04T20:59:15.079612" elapsed="0.000009"/>
</kw>
<status status="NOT RUN" start="2024-11-04T20:59:15.079491" elapsed="0.000147"/>
</branch>
<branch type="ELSE">
<kw name="Set Selenium Speed" owner="SeleniumLibrary">
<arg>${DELAY}</arg>
<doc>Sets the delay that is waited after each Selenium command.</doc>
<status status="PASS" start="2024-11-04T20:59:15.079684" elapsed="0.000098"/>
</kw>
<status status="PASS" start="2024-11-04T20:59:15.079651" elapsed="0.000150"/>
</branch>
<status status="PASS" start="2024-11-04T20:59:15.079485" elapsed="0.000328"/>
</if>
<kw name="Open Browser" owner="SeleniumLibrary">
<msg time="2024-11-04T20:59:15.079960" level="INFO">Opening browser 'chrome' to base url 'None'.</msg>
<msg time="2024-11-04T20:59:15.271267" level="WARN">The chromedriver version (129.0.6668.70) detected in PATH at /usr/local/bin/chromedriver might not be compatible with the detected chrome version (130.0.6723.92); currently, chromedriver 130.0.6723.91 is recommended for chrome 130.*, so it is advised to delete the driver in PATH and retry</msg>
<arg>browser=${BROWSER}</arg>
<arg>options=${options}</arg>
<doc>Opens a new browser instance to the optional ``url``.</doc>
<status status="PASS" start="2024-11-04T20:59:15.079859" elapsed="2.168582"/>
</kw>
<status status="PASS" start="2024-11-04T20:59:15.078710" elapsed="2.170231"/>
</kw>
<test id="s1-s1-t1" name="At start the counter is zero" line="7">
<kw name="Go To" owner="SeleniumLibrary">
<msg time="2024-11-04T20:59:17.250621" level="INFO">Opening url 'http://localhost:5001'</msg>
<arg>${HOME_URL}</arg>
<doc>Navigates the current browser window to the provided ``url``.</doc>
<status status="PASS" start="2024-11-04T20:59:17.249872" elapsed="0.925462"/>
</kw>
<kw name="Title Should Be" owner="SeleniumLibrary">
<msg time="2024-11-04T20:59:18.693563" level="INFO">Page title is 'Laskuri'.</msg>
<arg>Laskuri</arg>
<doc>Verifies that the current page title equals ``title``.</doc>
<status status="PASS" start="2024-11-04T20:59:18.176003" elapsed="0.517725"/>
</kw>
<kw name="Page Should Contain" owner="SeleniumLibrary">
<msg time="2024-11-04T20:59:19.735693" level="INFO">Current page contains text 'nappia painettu 0 kertaa'.</msg>
<arg>nappia painettu 0 kertaa</arg>
<doc>Verifies that current page contains ``text``.</doc>
<status status="PASS" start="2024-11-04T20:59:18.694004" elapsed="1.042161"/>
</kw>
<status status="PASS" start="2024-11-04T20:59:17.249180" elapsed="2.488208"/>
</test>
<test id="s1-s1-t2" name="When button pressed twice the counter is two" line="12">
<kw name="Go To" owner="SeleniumLibrary">
<msg time="2024-11-04T20:59:19.739497" level="INFO">Opening url 'http://localhost:5001'</msg>
<arg>${HOME_URL}</arg>
<doc>Navigates the current browser window to the provided ``url``.</doc>
<status status="PASS" start="2024-11-04T20:59:19.739219" elapsed="0.525653"/>
</kw>
<kw name="Click Button" owner="SeleniumLibrary">
<msg time="2024-11-04T20:59:20.267763" level="INFO">Clicking button 'Paina'.</msg>
<arg>Paina</arg>
<doc>Clicks the button identified by ``locator``.</doc>
<status status="PASS" start="2024-11-04T20:59:20.265904" elapsed="1.614961"/>
</kw>
<kw name="Click Button" owner="SeleniumLibrary">
<msg time="2024-11-04T20:59:21.882795" level="INFO">Clicking button 'Paina'.</msg>
<arg>Paina</arg>
<doc>Clicks the button identified by ``locator``.</doc>
<status status="PASS" start="2024-11-04T20:59:21.881878" elapsed="1.579316"/>
</kw>
<kw name="Page Should Contain" owner="SeleniumLibrary">
<msg time="2024-11-04T20:59:24.488963" level="INFO">Current page contains text 'nappia painettu 2 kertaa'.</msg>
<arg>nappia painettu 2 kertaa</arg>
<doc>Verifies that current page contains ``text``.</doc>
<status status="PASS" start="2024-11-04T20:59:23.462575" elapsed="1.026757"/>
</kw>
<status status="PASS" start="2024-11-04T20:59:19.738337" elapsed="4.751896"/>
</test>
<kw name="Close Browser" owner="SeleniumLibrary" type="TEARDOWN">
<doc>Closes the current browser.</doc>
<status status="PASS" start="2024-11-04T20:59:24.492269" elapsed="0.605745"/>
</kw>
<status status="PASS" start="2024-11-04T20:59:14.987556" elapsed="10.110647"/>
</suite>
<suite id="s1-s2" name="Reset" source="/Users/anna/Documents/Opiskelu/Ohjelmistotuotanto/webcounter/src/tests/reset.robot">
<kw name="Open And Configure Browser" owner="resource" type="SETUP">
<if>
<branch type="IF" condition="$BROWSER == 'chrome'">
<kw name="Evaluate" owner="BuiltIn">
<msg time="2024-11-04T20:59:25.101688" level="INFO">${options} = &lt;selenium.webdriver.chrome.options.Options object at 0x106e06b70&gt;</msg>
<var>${options}</var>
<arg>sys.modules['selenium.webdriver'].ChromeOptions()</arg>
<arg>sys</arg>
<doc>Evaluates the given expression in Python and returns the result.</doc>
<status status="PASS" start="2024-11-04T20:59:25.101483" elapsed="0.000223"/>
</kw>
<status status="PASS" start="2024-11-04T20:59:25.101282" elapsed="0.000460"/>
</branch>
<branch type="ELSE IF" condition="$BROWSER == 'firefox'">
<kw name="Evaluate" owner="BuiltIn">
<var>${options}</var>
<arg>sys.modules['selenium.webdriver'].FirefoxOptions()</arg>
<arg>sys</arg>
<doc>Evaluates the given expression in Python and returns the result.</doc>
<status status="NOT RUN" start="2024-11-04T20:59:25.101823" elapsed="0.000014"/>
</kw>
<status status="NOT RUN" start="2024-11-04T20:59:25.101766" elapsed="0.000095"/>
</branch>
<status status="PASS" start="2024-11-04T20:59:25.101268" elapsed="0.000611"/>
</if>
<if>
<branch type="IF" condition="$BROWSER == 'true'">
<kw name="Set Selenium Speed" owner="SeleniumLibrary">
<arg>0</arg>
<doc>Sets the delay that is waited after each Selenium command.</doc>
<status status="NOT RUN" start="2024-11-04T20:59:25.102004" elapsed="0.000015"/>
</kw>
<kw name="Call Method" owner="BuiltIn">
<arg>${options}</arg>
<arg>add_argument</arg>
<arg>--headless</arg>
<doc>Calls the named method of the given object with the provided arguments.</doc>
<status status="NOT RUN" start="2024-11-04T20:59:25.102075" elapsed="0.000013"/>
</kw>
<status status="NOT RUN" start="2024-11-04T20:59:25.101909" elapsed="0.000201"/>
</branch>
<branch type="ELSE">
<kw name="Set Selenium Speed" owner="SeleniumLibrary">
<arg>${DELAY}</arg>
<doc>Sets the delay that is waited after each Selenium command.</doc>
<status status="PASS" start="2024-11-04T20:59:25.102235" elapsed="0.000140"/>
</kw>
<status status="PASS" start="2024-11-04T20:59:25.102186" elapsed="0.000214"/>
</branch>
<status status="PASS" start="2024-11-04T20:59:25.101901" elapsed="0.000517"/>
</if>
<kw name="Open Browser" owner="SeleniumLibrary">
<msg time="2024-11-04T20:59:25.102629" level="INFO">Opening browser 'chrome' to base url 'None'.</msg>
<msg time="2024-11-04T20:59:25.162079" level="WARN">The chromedriver version (129.0.6668.70) detected in PATH at /usr/local/bin/chromedriver might not be compatible with the detected chrome version (130.0.6723.92); currently, chromedriver 130.0.6723.91 is recommended for chrome 130.*, so it is advised to delete the driver in PATH and retry</msg>
<arg>browser=${BROWSER}</arg>
<arg>options=${options}</arg>
<doc>Opens a new browser instance to the optional ``url``.</doc>
<status status="PASS" start="2024-11-04T20:59:25.102474" elapsed="0.739334"/>
</kw>
<status status="PASS" start="2024-11-04T20:59:25.101148" elapsed="0.740848"/>
</kw>
<test id="s1-s2-t1" name="When counter has a nonzero value and it is reset the value becomes zero" line="7">
<kw name="Go To" owner="SeleniumLibrary">
<msg time="2024-11-04T20:59:25.842809" level="INFO">Opening url 'http://localhost:5001'</msg>
<arg>${HOME_URL}</arg>
<doc>Navigates the current browser window to the provided ``url``.</doc>
<status status="PASS" start="2024-11-04T20:59:25.842635" elapsed="0.524667"/>
</kw>
<kw name="Page Should Contain" owner="SeleniumLibrary">
<msg time="2024-11-04T20:59:27.400182" level="INFO">Current page contains text 'nappia painettu 2 kertaa'.</msg>
<arg>nappia painettu 2 kertaa</arg>
<doc>Verifies that current page contains ``text``.</doc>
<status status="PASS" start="2024-11-04T20:59:26.368023" elapsed="1.032572"/>
</kw>
<kw name="Click Button" owner="SeleniumLibrary">
<msg time="2024-11-04T20:59:27.402170" level="INFO">Clicking button 'Nollaa'.</msg>
<arg>Nollaa</arg>
<doc>Clicks the button identified by ``locator``.</doc>
<status status="PASS" start="2024-11-04T20:59:27.401379" elapsed="1.594517"/>
</kw>
<kw name="Page Should Contain" owner="SeleniumLibrary">
<msg time="2024-11-04T20:59:30.026475" level="INFO">Current page contains text 'nappia painettu 0 kertaa'.</msg>
<arg>nappia painettu 0 kertaa</arg>
<doc>Verifies that current page contains ``text``.</doc>
<status status="PASS" start="2024-11-04T20:59:28.998675" elapsed="1.028013"/>
</kw>
<status status="PASS" start="2024-11-04T20:59:25.842113" elapsed="4.185121"/>
</test>
<kw name="Close Browser" owner="SeleniumLibrary" type="TEARDOWN">
<doc>Closes the current browser.</doc>
<status status="PASS" start="2024-11-04T20:59:30.029943" elapsed="0.565920"/>
</kw>
<status status="PASS" start="2024-11-04T20:59:25.098892" elapsed="5.497065"/>
</suite>
<status status="PASS" start="2024-11-04T20:59:14.980390" elapsed="15.616229"/>
</suite>
<statistics>
<total>
<stat pass="3" fail="0" skip="0">All Tests</stat>
</total>
<tag>
</tag>
<suite>
<stat pass="3" fail="0" skip="0" id="s1" name="Tests">Tests</stat>
<stat pass="2" fail="0" skip="0" id="s1-s1" name="Increment">Tests.Increment</stat>
<stat pass="1" fail="0" skip="0" id="s1-s2" name="Reset">Tests.Reset</stat>
</suite>
</statistics>
<errors>
<msg time="2024-11-04T20:59:15.271267" level="WARN">The chromedriver version (129.0.6668.70) detected in PATH at /usr/local/bin/chromedriver might not be compatible with the detected chrome version (130.0.6723.92); currently, chromedriver 130.0.6723.91 is recommended for chrome 130.*, so it is advised to delete the driver in PATH and retry</msg>
<msg time="2024-11-04T20:59:25.162079" level="WARN">The chromedriver version (129.0.6668.70) detected in PATH at /usr/local/bin/chromedriver might not be compatible with the detected chrome version (130.0.6723.92); currently, chromedriver 130.0.6723.91 is recommended for chrome 130.*, so it is advised to delete the driver in PATH and retry</msg>
</errors>
</robot>
